12:31:24.459 INFO - Selenium build info: version: '3.5.0', revision: '8def36e068'
12:31:24.461 INFO - Launching a standalone Selenium Server
2017-08-31 12:31:24.501:INFO::main: Logging initialized @333ms to org.seleniumhq.jetty9.util.log.StdErrLog
12:31:24.562 INFO - Driver class not found: com.opera.core.systems.OperaDriver
12:31:24.591 INFO - Driver provider class org.openqa.selenium.ie.InternetExplorerDriver registration is skipped:
 registration capabilities Capabilities [{ensureCleanSession=true, browserName=internet explorer, version=, platform=WINDOWS}] does not match the current platform MAC
12:31:24.591 INFO - Driver provider class org.openqa.selenium.edge.EdgeDriver registration is skipped:
 registration capabilities Capabilities [{browserName=MicrosoftEdge, version=, platform=WINDOWS}] does not match the current platform MAC
12:31:24.625 INFO - Using the passthrough mode handler
2017-08-31 12:31:24.662:INFO:osjs.Server:main: jetty-9.4.5.v20170502
2017-08-31 12:31:24.694:WARN:osjs.SecurityHandler:main: ServletContext@o.s.j.s.ServletContextHandler@3632be31{/,null,STARTING} has uncovered http methods for path: /
2017-08-31 12:31:24.698:INFO:osjsh.ContextHandler:main: Started o.s.j.s.ServletContextHandler@3632be31{/,null,AVAILABLE}
2017-08-31 12:31:24.724:INFO:osjs.AbstractConnector:main: Started ServerConnector@5e882af8{HTTP/1.1,[http/1.1]}{0.0.0.0:4444}
2017-08-31 12:31:24.725:INFO:osjs.Server:main: Started @558ms
12:31:24.726 INFO - Selenium Server is up and running
2017-08-31 12:31:25.472:INFO:osjshC.ROOT:qtp1562557367-10: org.openqa.selenium.remote.server.WebDriverServlet-39aeed2f: Initialising WebDriverServlet
12:31:25.543 INFO - Binding default provider to: org.openqa.selenium.chrome.ChromeDriverService
12:31:25.544 INFO - Found handler: org.openqa.selenium.remote.server.BeginSession@4d929899
12:31:25.547 INFO - /session: Executing POST on /session (handler: BeginSession)
12:31:25.574 INFO - Capabilities are: Capabilities {acceptSslCerts=true, browserName=chrome, javascriptEnabled=true, platformName=ANY, platform=ANY, }
12:31:25.575 INFO - Capabilities {acceptSslCerts=true, browserName=chrome, javascriptEnabled=true, platformName=ANY, platform=ANY, } matched class org.openqa.selenium.remote.server.ServicedSession$Factory (provider: org.openqa.selenium.chrome.ChromeDriverService)
12:31:25.575 INFO - Capabilities {acceptSslCerts=true, browserName=chrome, javascriptEnabled=true, platformName=ANY, platform=ANY, } matched class org.openqa.selenium.remote.server.ServicedSession$Factory (provider: org.openqa.selenium.chrome.ChromeDriverService)
WARNING: Nokogiri was built against LibXML version 2.9.0, but has dynamically loaded 2.9.2
Starting ChromeDriver 2.25.426935 (820a95b0b81d33e42712f9198c215f703412e1a1) on port 10012
Only local connections are allowed.
12:31:27.766 INFO - Found handler: org.openqa.selenium.remote.server.ServicedSession@5f30bff3
12:31:27.766 INFO - Handler thread for session aef0c63db6fa2a2f5bd57e4733552339 (chrome): Executing POST on /session/aef0c63db6fa2a2f5bd57e4733552339/url (handler: ServicedSession)
12:31:27.773 INFO - To upstream: {"url":"http://google.com"}
12:31:29.008 INFO - To downstream: {"sessionId":"aef0c63db6fa2a2f5bd57e4733552339","status":0,"value":null}
12:31:29.015 INFO - Found handler: org.openqa.selenium.remote.server.ServicedSession@5f30bff3
12:31:29.015 INFO - Handler thread for session aef0c63db6fa2a2f5bd57e4733552339 (chrome): Executing POST on /session/aef0c63db6fa2a2f5bd57e4733552339/elements (handler: ServicedSession)
12:31:29.016 INFO - To upstream: {"using":"css selector","value":"body"}
12:31:29.031 INFO - To downstream: {"sessionId":"aef0c63db6fa2a2f5bd57e4733552339","status":0,"value":[{"ELEMENT":"0.4570526932266221-1"}]}
12:31:29.035 INFO - Found handler: org.openqa.selenium.remote.server.ServicedSession@5f30bff3
12:31:29.035 INFO - Handler thread for session aef0c63db6fa2a2f5bd57e4733552339 (chrome): Executing GET on /session/aef0c63db6fa2a2f5bd57e4733552339/element/0.4570526932266221-1/displayed (handler: ServicedSession)
12:31:29.045 INFO - To downstream: {"sessionId":"aef0c63db6fa2a2f5bd57e4733552339","status":0,"value":true}
12:31:29.056 INFO - Found handler: org.openqa.selenium.remote.server.ServicedSession@5f30bff3
12:31:29.056 INFO - Handler thread for session aef0c63db6fa2a2f5bd57e4733552339 (chrome): Executing GET on /session/aef0c63db6fa2a2f5bd57e4733552339/title (handler: ServicedSession)
12:31:29.060 INFO - To downstream: {"sessionId":"aef0c63db6fa2a2f5bd57e4733552339","status":0,"value":"Google"}
12:31:29.067 INFO - Found handler: org.openqa.selenium.remote.server.ServicedSession@5f30bff3
12:31:29.067 INFO - Handler thread for session aef0c63db6fa2a2f5bd57e4733552339 (chrome): Executing POST on /session/aef0c63db6fa2a2f5bd57e4733552339/element (handler: ServicedSession)
12:31:29.068 INFO - To upstream: {"using":"css selector","value":"input[name=\"q\"]"}
12:31:29.081 INFO - To downstream: {"sessionId":"aef0c63db6fa2a2f5bd57e4733552339","status":0,"value":{"ELEMENT":"0.4570526932266221-2"}}
12:31:29.085 INFO - Found handler: org.openqa.selenium.remote.server.ServicedSession@5f30bff3
12:31:29.085 INFO - Handler thread for session aef0c63db6fa2a2f5bd57e4733552339 (chrome): Executing GET on /session/aef0c63db6fa2a2f5bd57e4733552339/element/0.4570526932266221-2/displayed (handler: ServicedSession)
12:31:29.098 INFO - To downstream: {"sessionId":"aef0c63db6fa2a2f5bd57e4733552339","status":0,"value":true}
12:31:29.106 INFO - Found handler: org.openqa.selenium.remote.server.ServicedSession@5f30bff3
12:31:29.107 INFO - Handler thread for session aef0c63db6fa2a2f5bd57e4733552339 (chrome): Executing POST on /session/aef0c63db6fa2a2f5bd57e4733552339/url (handler: ServicedSession)
12:31:29.109 INFO - To upstream: {"url":"https://www.tesco.com/groceries?playwell=1"}
12:31:34.453 INFO - To downstream: {"sessionId":"aef0c63db6fa2a2f5bd57e4733552339","status":0,"value":null}
12:31:34.484 INFO - Found handler: org.openqa.selenium.remote.server.ServicedSession@5f30bff3
12:31:34.484 INFO - Handler thread for session aef0c63db6fa2a2f5bd57e4733552339 (chrome): Executing POST on /session/aef0c63db6fa2a2f5bd57e4733552339/element (handler: ServicedSession)
12:31:34.486 INFO - To upstream: {"using":"css selector","value":".search-form--form #query"}
12:31:34.504 INFO - To downstream: {"sessionId":"aef0c63db6fa2a2f5bd57e4733552339","status":0,"value":{"ELEMENT":"0.9139056908192233-1"}}
12:31:34.521 INFO - Found handler: org.openqa.selenium.remote.server.ServicedSession@5f30bff3
12:31:34.521 INFO - Handler thread for session aef0c63db6fa2a2f5bd57e4733552339 (chrome): Executing POST on /session/aef0c63db6fa2a2f5bd57e4733552339/element/0.9139056908192233-1/value (handler: ServicedSession)
12:31:34.523 INFO - To upstream: {"value":["c","o","l","a"]}
12:31:34.656 INFO - To downstream: {"sessionId":"aef0c63db6fa2a2f5bd57e4733552339","status":0,"value":null}
12:31:34.672 INFO - Found handler: org.openqa.selenium.remote.server.ServicedSession@5f30bff3
12:31:34.673 INFO - Handler thread for session aef0c63db6fa2a2f5bd57e4733552339 (chrome): Executing POST on /session/aef0c63db6fa2a2f5bd57e4733552339/element (handler: ServicedSession)
12:31:34.674 INFO - To upstream: {"using":"css selector","value":".search-form--form #query+button.submit"}
12:31:34.712 INFO - To downstream: {"sessionId":"aef0c63db6fa2a2f5bd57e4733552339","status":0,"value":{"ELEMENT":"0.9139056908192233-2"}}
12:31:34.719 INFO - Found handler: org.openqa.selenium.remote.server.ServicedSession@5f30bff3
12:31:34.719 INFO - Handler thread for session aef0c63db6fa2a2f5bd57e4733552339 (chrome): Executing POST on /session/aef0c63db6fa2a2f5bd57e4733552339/element/0.9139056908192233-2/click (handler: ServicedSession)
12:31:34.720 INFO - To upstream: 
12:31:34.952 INFO - To downstream: {"sessionId":"aef0c63db6fa2a2f5bd57e4733552339","status":0,"value":null}
12:31:34.962 INFO - Found handler: org.openqa.selenium.remote.server.ServicedSession@5f30bff3
12:31:34.962 INFO - Handler thread for session aef0c63db6fa2a2f5bd57e4733552339 (chrome): Executing POST on /session/aef0c63db6fa2a2f5bd57e4733552339/elements (handler: ServicedSession)
12:31:34.964 INFO - To upstream: {"using":"css selector","value":".heading.query"}
12:31:35.933 INFO - To downstream: {"sessionId":"aef0c63db6fa2a2f5bd57e4733552339","status":0,"value":[{"ELEMENT":"0.9139056908192233-3"}]}
12:31:35.956 INFO - Found handler: org.openqa.selenium.remote.server.ServicedSession@5f30bff3
12:31:35.957 INFO - Handler thread for session aef0c63db6fa2a2f5bd57e4733552339 (chrome): Executing POST on /session/aef0c63db6fa2a2f5bd57e4733552339/url (handler: ServicedSession)
12:31:35.958 INFO - To upstream: {"url":"https://www.tesco.com/groceries?playwell=1"}
12:31:38.233 INFO - To downstream: {"sessionId":"aef0c63db6fa2a2f5bd57e4733552339","status":0,"value":null}
12:31:38.246 INFO - Found handler: org.openqa.selenium.remote.server.ServicedSession@5f30bff3
12:31:38.247 INFO - Handler thread for session aef0c63db6fa2a2f5bd57e4733552339 (chrome): Executing POST on /session/aef0c63db6fa2a2f5bd57e4733552339/element (handler: ServicedSession)
12:31:38.249 INFO - To upstream: {"using":"css selector","value":".search-form--form #query"}
12:31:38.255 INFO - To downstream: {"sessionId":"aef0c63db6fa2a2f5bd57e4733552339","status":0,"value":{"ELEMENT":"0.05550748900582292-1"}}
12:31:38.263 INFO - Found handler: org.openqa.selenium.remote.server.ServicedSession@5f30bff3
12:31:38.263 INFO - Handler thread for session aef0c63db6fa2a2f5bd57e4733552339 (chrome): Executing POST on /session/aef0c63db6fa2a2f5bd57e4733552339/element/0.05550748900582292-1/value (handler: ServicedSession)
12:31:38.266 INFO - To upstream: {"value":["b","r","e","a","d"]}
12:31:38.385 INFO - To downstream: {"sessionId":"aef0c63db6fa2a2f5bd57e4733552339","status":0,"value":null}
12:31:38.393 INFO - Found handler: org.openqa.selenium.remote.server.ServicedSession@5f30bff3
12:31:38.393 INFO - Handler thread for session aef0c63db6fa2a2f5bd57e4733552339 (chrome): Executing POST on /session/aef0c63db6fa2a2f5bd57e4733552339/element (handler: ServicedSession)
12:31:38.396 INFO - To upstream: {"using":"css selector","value":".search-form--form #query+button.submit"}
12:31:38.431 INFO - To downstream: {"sessionId":"aef0c63db6fa2a2f5bd57e4733552339","status":0,"value":{"ELEMENT":"0.05550748900582292-2"}}
12:31:38.436 INFO - Found handler: org.openqa.selenium.remote.server.ServicedSession@5f30bff3
12:31:38.436 INFO - Handler thread for session aef0c63db6fa2a2f5bd57e4733552339 (chrome): Executing POST on /session/aef0c63db6fa2a2f5bd57e4733552339/element/0.05550748900582292-2/click (handler: ServicedSession)
12:31:38.437 INFO - To upstream: 
12:31:38.617 INFO - To downstream: {"sessionId":"aef0c63db6fa2a2f5bd57e4733552339","status":0,"value":null}
12:31:38.625 INFO - Found handler: org.openqa.selenium.remote.server.ServicedSession@5f30bff3
12:31:38.625 INFO - Handler thread for session aef0c63db6fa2a2f5bd57e4733552339 (chrome): Executing POST on /session/aef0c63db6fa2a2f5bd57e4733552339/elements (handler: ServicedSession)
12:31:38.626 INFO - To upstream: {"using":"css selector","value":".heading.query"}
12:31:38.637 INFO - To downstream: {"sessionId":"aef0c63db6fa2a2f5bd57e4733552339","status":0,"value":[]}
12:31:38.665 INFO - Found handler: org.openqa.selenium.remote.server.ServicedSession@5f30bff3
12:31:38.666 INFO - Handler thread for session aef0c63db6fa2a2f5bd57e4733552339 (chrome): Executing POST on /session/aef0c63db6fa2a2f5bd57e4733552339/url (handler: ServicedSession)
12:31:38.668 INFO - To upstream: {"url":"https://www.tesco.com/groceries?playwell=1"}
12:31:41.211 INFO - To downstream: {"sessionId":"aef0c63db6fa2a2f5bd57e4733552339","status":0,"value":null}
12:31:41.220 INFO - Found handler: org.openqa.selenium.remote.server.ServicedSession@5f30bff3
12:31:41.220 INFO - Handler thread for session aef0c63db6fa2a2f5bd57e4733552339 (chrome): Executing POST on /session/aef0c63db6fa2a2f5bd57e4733552339/element (handler: ServicedSession)
12:31:41.222 INFO - To upstream: {"using":"css selector","value":".signin-register--signin-button"}
12:31:41.235 INFO - To downstream: {"sessionId":"aef0c63db6fa2a2f5bd57e4733552339","status":0,"value":{"ELEMENT":"0.36651716313607174-1"}}
12:31:41.246 INFO - Found handler: org.openqa.selenium.remote.server.ServicedSession@5f30bff3
12:31:41.246 INFO - Handler thread for session aef0c63db6fa2a2f5bd57e4733552339 (chrome): Executing POST on /session/aef0c63db6fa2a2f5bd57e4733552339/element/0.36651716313607174-1/click (handler: ServicedSession)
12:31:41.247 INFO - To upstream: 
12:31:41.285 INFO - To downstream: {"sessionId":"aef0c63db6fa2a2f5bd57e4733552339","status":0,"value":null}
12:31:41.293 INFO - Found handler: org.openqa.selenium.remote.server.ServicedSession@5f30bff3
12:31:41.294 INFO - Handler thread for session aef0c63db6fa2a2f5bd57e4733552339 (chrome): Executing POST on /session/aef0c63db6fa2a2f5bd57e4733552339/element (handler: ServicedSession)
12:31:41.297 INFO - To upstream: {"using":"css selector","value":"#username"}
12:31:41.316 INFO - To downstream: {"sessionId":"aef0c63db6fa2a2f5bd57e4733552339","status":7,"value":{"message":"no such element: Unable to locate element: {\"method\":\"css selector\",\"selector\":\"#username\"}\n  (Session info: chrome=60.0.3112.113)\n  (Driver info: chromedriver=2.25.426935 (820a95b0b81d33e42712f9198c215f703412e1a1),platform=Mac OS X 10.11.6 x86_64)"}}
12:31:41.324 INFO - Found handler: org.openqa.selenium.remote.server.ServicedSession@5f30bff3
12:31:41.325 INFO - Handler thread for session aef0c63db6fa2a2f5bd57e4733552339 (chrome): Executing POST on /session/aef0c63db6fa2a2f5bd57e4733552339/element (handler: ServicedSession)
12:31:41.326 INFO - To upstream: {"using":"css selector","value":"#password"}
12:31:41.347 INFO - To downstream: {"sessionId":"aef0c63db6fa2a2f5bd57e4733552339","status":7,"value":{"message":"no such element: Unable to locate element: {\"method\":\"css selector\",\"selector\":\"#password\"}\n  (Session info: chrome=60.0.3112.113)\n  (Driver info: chromedriver=2.25.426935 (820a95b0b81d33e42712f9198c215f703412e1a1),platform=Mac OS X 10.11.6 x86_64)"}}
12:31:41.355 INFO - Found handler: org.openqa.selenium.remote.server.ServicedSession@5f30bff3
12:31:41.356 INFO - Handler thread for session aef0c63db6fa2a2f5bd57e4733552339 (chrome): Executing POST on /session/aef0c63db6fa2a2f5bd57e4733552339/element (handler: ServicedSession)
12:31:41.358 INFO - To upstream: {"using":"css selector","value":".ui-component__button"}
12:31:41.379 INFO - To downstream: {"sessionId":"aef0c63db6fa2a2f5bd57e4733552339","status":7,"value":{"message":"no such element: Unable to locate element: {\"method\":\"css selector\",\"selector\":\".ui-component__button\"}\n  (Session info: chrome=60.0.3112.113)\n  (Driver info: chromedriver=2.25.426935 (820a95b0b81d33e42712f9198c215f703412e1a1),platform=Mac OS X 10.11.6 x86_64)"}}
12:31:41.391 INFO - Found handler: org.openqa.selenium.remote.server.ServicedSession@5f30bff3
12:31:41.391 INFO - Handler thread for session aef0c63db6fa2a2f5bd57e4733552339 (chrome): Executing POST on /session/aef0c63db6fa2a2f5bd57e4733552339/elements (handler: ServicedSession)
12:31:41.394 INFO - To upstream: {"using":"css selector","value":".user-greeting--name"}
12:31:41.435 INFO - To downstream: {"sessionId":"aef0c63db6fa2a2f5bd57e4733552339","status":0,"value":[]}
12:31:41.484 INFO - Found handler: org.openqa.selenium.remote.server.ServicedSession@5f30bff3
12:31:41.484 INFO - Handler thread for session aef0c63db6fa2a2f5bd57e4733552339 (chrome): Executing POST on /session/aef0c63db6fa2a2f5bd57e4733552339/url (handler: ServicedSession)
12:31:41.489 INFO - To upstream: {"url":"https://www.tesco.com/groceries?playwell=1"}
12:31:41.491 INFO - Found handler: org.openqa.selenium.remote.server.ServicedSession@5f30bff3
12:31:41.492 INFO - Handler thread for session aef0c63db6fa2a2f5bd57e4733552339 (chrome): Executing POST on /session/aef0c63db6fa2a2f5bd57e4733552339/element (handler: ServicedSession)
12:31:41.495 INFO - To upstream: {"using":"css selector","value":".signin-register--signin-button"}
12:31:47.346 INFO - To downstream: {"sessionId":"aef0c63db6fa2a2f5bd57e4733552339","status":0,"value":null}
12:31:47.366 INFO - To downstream: {"sessionId":"aef0c63db6fa2a2f5bd57e4733552339","status":7,"value":{"message":"no such element: Unable to locate element: {\"method\":\"css selector\",\"selector\":\".signin-register--signin-button\"}\n  (Session info: chrome=60.0.3112.113)\n  (Driver info: chromedriver=2.25.426935 (820a95b0b81d33e42712f9198c215f703412e1a1),platform=Mac OS X 10.11.6 x86_64)"}}
12:31:47.374 INFO - Found handler: org.openqa.selenium.remote.server.ServicedSession@5f30bff3
12:31:47.374 INFO - Handler thread for session aef0c63db6fa2a2f5bd57e4733552339 (chrome): Executing POST on /session/aef0c63db6fa2a2f5bd57e4733552339/element (handler: ServicedSession)
12:31:47.376 INFO - To upstream: {"using":"css selector","value":"#username"}
12:31:47.385 INFO - To downstream: {"sessionId":"aef0c63db6fa2a2f5bd57e4733552339","status":0,"value":{"ELEMENT":"0.8345710697035078-1"}}
12:31:47.390 INFO - Found handler: org.openqa.selenium.remote.server.ServicedSession@5f30bff3
12:31:47.390 INFO - Handler thread for session aef0c63db6fa2a2f5bd57e4733552339 (chrome): Executing POST on /session/aef0c63db6fa2a2f5bd57e4733552339/element/0.8345710697035078-1/value (handler: ServicedSession)
12:31:47.391 INFO - To upstream: {"value":["j","a","y","t","e","s","t","u","k","1","@","m","a","i","l","i","n","a","t","o","r",".","c","o","m"]}
12:31:47.859 INFO - To downstream: {"sessionId":"aef0c63db6fa2a2f5bd57e4733552339","status":0,"value":null}
12:31:47.868 INFO - Found handler: org.openqa.selenium.remote.server.ServicedSession@5f30bff3
12:31:47.868 INFO - Handler thread for session aef0c63db6fa2a2f5bd57e4733552339 (chrome): Executing POST on /session/aef0c63db6fa2a2f5bd57e4733552339/element (handler: ServicedSession)
12:31:47.870 INFO - To upstream: {"using":"css selector","value":"#password"}
12:31:47.877 INFO - To downstream: {"sessionId":"aef0c63db6fa2a2f5bd57e4733552339","status":0,"value":{"ELEMENT":"0.8345710697035078-2"}}
12:31:47.882 INFO - Found handler: org.openqa.selenium.remote.server.ServicedSession@5f30bff3
12:31:47.882 INFO - Handler thread for session aef0c63db6fa2a2f5bd57e4733552339 (chrome): Executing POST on /session/aef0c63db6fa2a2f5bd57e4733552339/element/0.8345710697035078-2/value (handler: ServicedSession)
12:31:47.885 INFO - To upstream: {"value":["T","e","s","c","o","t","e","s","t","1","2","3"]}
12:31:48.007 INFO - To downstream: {"sessionId":"aef0c63db6fa2a2f5bd57e4733552339","status":0,"value":null}
12:31:48.010 INFO - Found handler: org.openqa.selenium.remote.server.ServicedSession@5f30bff3
12:31:48.011 INFO - Handler thread for session aef0c63db6fa2a2f5bd57e4733552339 (chrome): Executing POST on /session/aef0c63db6fa2a2f5bd57e4733552339/element (handler: ServicedSession)
12:31:48.013 INFO - To upstream: {"using":"css selector","value":".ui-component__button"}
12:31:48.021 INFO - To downstream: {"sessionId":"aef0c63db6fa2a2f5bd57e4733552339","status":0,"value":{"ELEMENT":"0.8345710697035078-3"}}
12:31:48.025 INFO - Found handler: org.openqa.selenium.remote.server.ServicedSession@5f30bff3
12:31:48.025 INFO - Handler thread for session aef0c63db6fa2a2f5bd57e4733552339 (chrome): Executing POST on /session/aef0c63db6fa2a2f5bd57e4733552339/element/0.8345710697035078-3/click (handler: ServicedSession)
12:31:48.026 INFO - To upstream: 
12:31:57.032 INFO - To downstream: {"sessionId":"aef0c63db6fa2a2f5bd57e4733552339","status":0,"value":null}
12:31:57.037 INFO - Found handler: org.openqa.selenium.remote.server.ServicedSession@5f30bff3
12:31:57.038 INFO - Handler thread for session aef0c63db6fa2a2f5bd57e4733552339 (chrome): Executing POST on /session/aef0c63db6fa2a2f5bd57e4733552339/elements (handler: ServicedSession)
12:31:57.040 INFO - To upstream: {"using":"css selector","value":".user-greeting--name"}
12:31:57.061 INFO - To downstream: {"sessionId":"aef0c63db6fa2a2f5bd57e4733552339","status":0,"value":[{"ELEMENT":"0.6479779295257959-1"}]}
12:31:57.067 INFO - Found handler: org.openqa.selenium.remote.server.ServicedSession@5f30bff3
12:31:57.067 INFO - Handler thread for session aef0c63db6fa2a2f5bd57e4733552339 (chrome): Executing POST on /session/aef0c63db6fa2a2f5bd57e4733552339/element (handler: ServicedSession)
12:31:57.068 INFO - To upstream: {"using":"css selector","value":".utility-header__logout-button"}
12:31:57.084 INFO - To downstream: {"sessionId":"aef0c63db6fa2a2f5bd57e4733552339","status":0,"value":{"ELEMENT":"0.6479779295257959-2"}}
12:31:57.087 INFO - Found handler: org.openqa.selenium.remote.server.ServicedSession@5f30bff3
12:31:57.087 INFO - Handler thread for session aef0c63db6fa2a2f5bd57e4733552339 (chrome): Executing POST on /session/aef0c63db6fa2a2f5bd57e4733552339/element/0.6479779295257959-2/click (handler: ServicedSession)
12:31:57.088 INFO - To upstream: 
12:32:00.256 INFO - To downstream: {"sessionId":"aef0c63db6fa2a2f5bd57e4733552339","status":0,"value":null}
12:32:00.264 INFO - Found handler: org.openqa.selenium.remote.server.ServicedSession@5f30bff3
12:32:00.264 INFO - Handler thread for session aef0c63db6fa2a2f5bd57e4733552339 (chrome): Executing POST on /session/aef0c63db6fa2a2f5bd57e4733552339/elements (handler: ServicedSession)
12:32:00.265 INFO - To upstream: {"using":"css selector","value":".signin-register--signin-button"}
12:32:00.276 INFO - To downstream: {"sessionId":"aef0c63db6fa2a2f5bd57e4733552339","status":0,"value":[{"ELEMENT":"0.8307323505005788-1"}]}
12:32:00.296 INFO - Found handler: org.openqa.selenium.remote.server.ServicedSession@5f30bff3
12:32:00.296 INFO - Handler thread for session aef0c63db6fa2a2f5bd57e4733552339 (chrome): Executing POST on /session/aef0c63db6fa2a2f5bd57e4733552339/url (handler: ServicedSession)
12:32:00.298 INFO - To upstream: {"url":"https://www.tesco.com/groceries?playwell=1"}
12:32:02.651 INFO - To downstream: {"sessionId":"aef0c63db6fa2a2f5bd57e4733552339","status":0,"value":null}
12:32:02.655 INFO - Found handler: org.openqa.selenium.remote.server.ServicedSession@5f30bff3
12:32:02.656 INFO - Handler thread for session aef0c63db6fa2a2f5bd57e4733552339 (chrome): Executing POST on /session/aef0c63db6fa2a2f5bd57e4733552339/element (handler: ServicedSession)
12:32:02.657 INFO - To upstream: {"using":"css selector","value":".signin-register--signin-button"}
12:32:02.671 INFO - To downstream: {"sessionId":"aef0c63db6fa2a2f5bd57e4733552339","status":0,"value":{"ELEMENT":"0.8907782492187164-1"}}
12:32:02.674 INFO - Found handler: org.openqa.selenium.remote.server.ServicedSession@5f30bff3
12:32:02.674 INFO - Handler thread for session aef0c63db6fa2a2f5bd57e4733552339 (chrome): Executing POST on /session/aef0c63db6fa2a2f5bd57e4733552339/element/0.8907782492187164-1/click (handler: ServicedSession)
12:32:02.675 INFO - To upstream: 
12:32:02.710 INFO - To downstream: {"sessionId":"aef0c63db6fa2a2f5bd57e4733552339","status":0,"value":null}
12:32:02.718 INFO - Found handler: org.openqa.selenium.remote.server.ServicedSession@5f30bff3
12:32:02.719 INFO - Handler thread for session aef0c63db6fa2a2f5bd57e4733552339 (chrome): Executing POST on /session/aef0c63db6fa2a2f5bd57e4733552339/element (handler: ServicedSession)
12:32:02.721 INFO - To upstream: {"using":"css selector","value":"#username"}
12:32:04.349 INFO - To downstream: {"sessionId":"aef0c63db6fa2a2f5bd57e4733552339","status":7,"value":{"message":"no such element: Unable to locate element: {\"method\":\"css selector\",\"selector\":\"#username\"}\n  (Session info: chrome=60.0.3112.113)\n  (Driver info: chromedriver=2.25.426935 (820a95b0b81d33e42712f9198c215f703412e1a1),platform=Mac OS X 10.11.6 x86_64)"}}
12:32:04.354 INFO - Found handler: org.openqa.selenium.remote.server.ServicedSession@5f30bff3
12:32:04.355 INFO - Handler thread for session aef0c63db6fa2a2f5bd57e4733552339 (chrome): Executing POST on /session/aef0c63db6fa2a2f5bd57e4733552339/element (handler: ServicedSession)
12:32:04.356 INFO - To upstream: {"using":"css selector","value":"#password"}
12:32:04.367 INFO - To downstream: {"sessionId":"aef0c63db6fa2a2f5bd57e4733552339","status":0,"value":{"ELEMENT":"0.6661663999384788-1"}}
12:32:04.370 INFO - Found handler: org.openqa.selenium.remote.server.ServicedSession@5f30bff3
12:32:04.370 INFO - Handler thread for session aef0c63db6fa2a2f5bd57e4733552339 (chrome): Executing POST on /session/aef0c63db6fa2a2f5bd57e4733552339/element/0.6661663999384788-1/value (handler: ServicedSession)
12:32:04.371 INFO - To upstream: {"value":["T","e","s","c","o","t","e","s","t","1","2","3"]}
12:32:04.486 INFO - To downstream: {"sessionId":"aef0c63db6fa2a2f5bd57e4733552339","status":0,"value":null}
12:32:04.490 INFO - Found handler: org.openqa.selenium.remote.server.ServicedSession@5f30bff3
12:32:04.490 INFO - Handler thread for session aef0c63db6fa2a2f5bd57e4733552339 (chrome): Executing POST on /session/aef0c63db6fa2a2f5bd57e4733552339/element (handler: ServicedSession)
12:32:04.491 INFO - To upstream: {"using":"css selector","value":".ui-component__button"}
12:32:04.505 INFO - To downstream: {"sessionId":"aef0c63db6fa2a2f5bd57e4733552339","status":0,"value":{"ELEMENT":"0.6661663999384788-2"}}
12:32:04.508 INFO - Found handler: org.openqa.selenium.remote.server.ServicedSession@5f30bff3
12:32:04.508 INFO - Handler thread for session aef0c63db6fa2a2f5bd57e4733552339 (chrome): Executing POST on /session/aef0c63db6fa2a2f5bd57e4733552339/element/0.6661663999384788-2/click (handler: ServicedSession)
12:32:04.509 INFO - To upstream: 
12:32:04.568 INFO - To downstream: {"sessionId":"aef0c63db6fa2a2f5bd57e4733552339","status":0,"value":null}
12:32:04.575 INFO - Found handler: org.openqa.selenium.remote.server.ServicedSession@5f30bff3
12:32:04.575 INFO - Handler thread for session aef0c63db6fa2a2f5bd57e4733552339 (chrome): Executing POST on /session/aef0c63db6fa2a2f5bd57e4733552339/elements (handler: ServicedSession)
12:32:04.576 INFO - To upstream: {"using":"css selector","value":".user-greeting--name"}
12:32:04.588 INFO - To downstream: {"sessionId":"aef0c63db6fa2a2f5bd57e4733552339","status":0,"value":[]}
12:32:04.646 INFO - Found handler: org.openqa.selenium.remote.server.ServicedSession@5f30bff3
12:32:04.649 INFO - Handler thread for session aef0c63db6fa2a2f5bd57e4733552339 (chrome): Executing POST on /session/aef0c63db6fa2a2f5bd57e4733552339/url (handler: ServicedSession)
12:32:04.651 INFO - To upstream: {"url":"https://www.tesco.com/groceries?playwell=1"}
12:32:06.874 INFO - To downstream: {"sessionId":"aef0c63db6fa2a2f5bd57e4733552339","status":0,"value":null}
12:32:06.877 INFO - Found handler: org.openqa.selenium.remote.server.ServicedSession@5f30bff3
12:32:06.877 INFO - Handler thread for session aef0c63db6fa2a2f5bd57e4733552339 (chrome): Executing POST on /session/aef0c63db6fa2a2f5bd57e4733552339/element (handler: ServicedSession)
12:32:06.879 INFO - To upstream: {"using":"css selector","value":".signin-register--signin-button"}
12:32:06.886 INFO - To downstream: {"sessionId":"aef0c63db6fa2a2f5bd57e4733552339","status":0,"value":{"ELEMENT":"0.9649097378198483-1"}}
12:32:06.889 INFO - Found handler: org.openqa.selenium.remote.server.ServicedSession@5f30bff3
12:32:06.889 INFO - Handler thread for session aef0c63db6fa2a2f5bd57e4733552339 (chrome): Executing POST on /session/aef0c63db6fa2a2f5bd57e4733552339/element/0.9649097378198483-1/click (handler: ServicedSession)
12:32:06.890 INFO - To upstream: 
12:32:06.938 INFO - To downstream: {"sessionId":"aef0c63db6fa2a2f5bd57e4733552339","status":0,"value":null}
12:32:06.945 INFO - Found handler: org.openqa.selenium.remote.server.ServicedSession@5f30bff3
12:32:06.946 INFO - Handler thread for session aef0c63db6fa2a2f5bd57e4733552339 (chrome): Executing POST on /session/aef0c63db6fa2a2f5bd57e4733552339/element (handler: ServicedSession)
12:32:06.948 INFO - To upstream: {"using":"css selector","value":"#username"}
12:32:08.155 INFO - To downstream: {"sessionId":"aef0c63db6fa2a2f5bd57e4733552339","status":0,"value":{"ELEMENT":"0.579031173102355-1"}}
12:32:08.159 INFO - Found handler: org.openqa.selenium.remote.server.ServicedSession@5f30bff3
12:32:08.159 INFO - Handler thread for session aef0c63db6fa2a2f5bd57e4733552339 (chrome): Executing POST on /session/aef0c63db6fa2a2f5bd57e4733552339/element/0.579031173102355-1/value (handler: ServicedSession)
12:32:08.160 INFO - To upstream: {"value":["j","a","y","t","e","s","t","u","k","1","@","m","a","i","l","i","n","a","t","o","r",".","c","o","m"]}
12:32:08.333 INFO - To downstream: {"sessionId":"aef0c63db6fa2a2f5bd57e4733552339","status":0,"value":null}
12:32:08.336 INFO - Found handler: org.openqa.selenium.remote.server.ServicedSession@5f30bff3
12:32:08.337 INFO - Handler thread for session aef0c63db6fa2a2f5bd57e4733552339 (chrome): Executing POST on /session/aef0c63db6fa2a2f5bd57e4733552339/element (handler: ServicedSession)
12:32:08.338 INFO - To upstream: {"using":"css selector","value":"#password"}
12:32:08.343 INFO - To downstream: {"sessionId":"aef0c63db6fa2a2f5bd57e4733552339","status":0,"value":{"ELEMENT":"0.579031173102355-2"}}
12:32:08.348 INFO - Found handler: org.openqa.selenium.remote.server.ServicedSession@5f30bff3
12:32:08.348 INFO - Handler thread for session aef0c63db6fa2a2f5bd57e4733552339 (chrome): Executing POST on /session/aef0c63db6fa2a2f5bd57e4733552339/element/0.579031173102355-2/value (handler: ServicedSession)
12:32:08.349 INFO - To upstream: {"value":["T","e","s","c","o","t","e","s","t","1","2","3"]}
12:32:08.448 INFO - To downstream: {"sessionId":"aef0c63db6fa2a2f5bd57e4733552339","status":0,"value":null}
12:32:08.454 INFO - Found handler: org.openqa.selenium.remote.server.ServicedSession@5f30bff3
12:32:08.454 INFO - Handler thread for session aef0c63db6fa2a2f5bd57e4733552339 (chrome): Executing POST on /session/aef0c63db6fa2a2f5bd57e4733552339/element (handler: ServicedSession)
12:32:08.455 INFO - To upstream: {"using":"css selector","value":".ui-component__button"}
12:32:08.461 INFO - To downstream: {"sessionId":"aef0c63db6fa2a2f5bd57e4733552339","status":0,"value":{"ELEMENT":"0.579031173102355-3"}}
12:32:08.466 INFO - Found handler: org.openqa.selenium.remote.server.ServicedSession@5f30bff3
12:32:08.467 INFO - Handler thread for session aef0c63db6fa2a2f5bd57e4733552339 (chrome): Executing POST on /session/aef0c63db6fa2a2f5bd57e4733552339/element/0.579031173102355-3/click (handler: ServicedSession)
12:32:08.468 INFO - To upstream: 
12:32:16.974 INFO - To downstream: {"sessionId":"aef0c63db6fa2a2f5bd57e4733552339","status":0,"value":null}
